#! /opt/homebrew/Cellar/icarus-verilog/12.0/bin/vvp
:ivl_version "12.0 (stable)";
:ivl_delay_selection "TYPICAL";
:vpi_time_precision - 9;
:vpi_module "/opt/homebrew/Cellar/icarus-verilog/12.0/lib/ivl/system.vpi";
:vpi_module "/opt/homebrew/Cellar/icarus-verilog/12.0/lib/ivl/vhdl_sys.vpi";
:vpi_module "/opt/homebrew/Cellar/icarus-verilog/12.0/lib/ivl/vhdl_textio.vpi";
:vpi_module "/opt/homebrew/Cellar/icarus-verilog/12.0/lib/ivl/v2005_math.vpi";
:vpi_module "/opt/homebrew/Cellar/icarus-verilog/12.0/lib/ivl/va_math.vpi";
S_0x150007400 .scope module, "clock_adjust" "clock_adjust" 2 1;
 .timescale 0 0;
    .port_info 0 /INPUT 1 "clk";
    .port_info 1 /INPUT 1 "sel";
    .port_info 2 /INPUT 1 "adj";
    .port_info 3 /INPUT 3 "m10i";
    .port_info 4 /INPUT 4 "m1i";
    .port_info 5 /INPUT 3 "s10i";
    .port_info 6 /INPUT 4 "s1i";
    .port_info 7 /OUTPUT 1 "led";
    .port_info 8 /OUTPUT 3 "m10";
    .port_info 9 /OUTPUT 4 "m1";
    .port_info 10 /OUTPUT 3 "s10";
    .port_info 11 /OUTPUT 4 "s1";
o0x120008010 .functor BUFZ 1, C4<z>; HiZ drive
v0x150007d50_0 .net "adj", 0 0, o0x120008010;  0 drivers
o0x120008040 .functor BUFZ 1, C4<z>; HiZ drive
v0x150017d70_0 .net "clk", 0 0, o0x120008040;  0 drivers
v0x150017e10_0 .var "led", 0 0;
v0x150017ea0_0 .var "m1", 3 0;
v0x150017f50_0 .var "m10", 2 0;
o0x120008100 .functor BUFZ 3, C4<zzz>; HiZ drive
v0x150018040_0 .net "m10i", 2 0, o0x120008100;  0 drivers
o0x120008130 .functor BUFZ 4, C4<zzzz>; HiZ drive
v0x1500180f0_0 .net "m1i", 3 0, o0x120008130;  0 drivers
v0x1500181a0_0 .var "s1", 3 0;
v0x150018250_0 .var "s10", 2 0;
o0x1200081c0 .functor BUFZ 3, C4<zzz>; HiZ drive
v0x150018360_0 .net "s10i", 2 0, o0x1200081c0;  0 drivers
o0x1200081f0 .functor BUFZ 4, C4<zzzz>; HiZ drive
v0x150018410_0 .net "s1i", 3 0, o0x1200081f0;  0 drivers
o0x120008220 .functor BUFZ 1, C4<z>; HiZ drive
v0x1500184c0_0 .net "sel", 0 0, o0x120008220;  0 drivers
E_0x150007d10 .event posedge, v0x150017d70_0;
S_0x1500076f0 .scope module, "counter_modern_tb" "counter_modern_tb" 3 1;
 .timescale -8 -9;
v0x150019200_0 .var "adj", 0 0;
v0x150019290_0 .var "clk", 0 0;
v0x150019320_0 .net "m1", 3 0, v0x150018b80_0;  1 drivers
v0x1500193d0_0 .net "m10", 2 0, v0x150018c10_0;  1 drivers
v0x150019480_0 .var "pause", 0 0;
v0x150019550_0 .var "rst", 0 0;
v0x150019600_0 .net "s1", 3 0, v0x150018ec0_0;  1 drivers
v0x1500196b0_0 .net "s10", 2 0, v0x150018fd0_0;  1 drivers
v0x150019760_0 .var "sel", 0 0;
S_0x150018680 .scope module, "counter" "counter" 3 16, 4 23 0, S_0x1500076f0;
 .timescale -8 -9;
    .port_info 0 /INPUT 1 "clk";
    .port_info 1 /INPUT 1 "rst";
    .port_info 2 /INPUT 1 "pause";
    .port_info 3 /INPUT 1 "sel";
    .port_info 4 /INPUT 1 "adj";
    .port_info 5 /OUTPUT 3 "m10";
    .port_info 6 /OUTPUT 4 "m1";
    .port_info 7 /OUTPUT 3 "s10";
    .port_info 8 /OUTPUT 4 "s1";
v0x1500189b0_0 .net "adj", 0 0, v0x150019200_0;  1 drivers
v0x150018a50_0 .net "clk", 0 0, v0x150019290_0;  1 drivers
v0x150018af0_0 .var "clk1", 0 0;
v0x150018b80_0 .var "m1", 3 0;
v0x150018c10_0 .var "m10", 2 0;
v0x150018ce0_0 .net "pause", 0 0, v0x150019480_0;  1 drivers
v0x150018d80_0 .var "paused", 0 0;
v0x150018e20_0 .net "rst", 0 0, v0x150019550_0;  1 drivers
v0x150018ec0_0 .var "s1", 3 0;
v0x150018fd0_0 .var "s10", 2 0;
v0x150019080_0 .net "sel", 0 0, v0x150019760_0;  1 drivers
E_0x150018970 .event posedge, v0x150018a50_0;
S_0x150007860 .scope module, "debouncer" "debouncer" 5 1;
 .timescale -8 -9;
    .port_info 0 /INPUT 1 "clkDis";
    .port_info 1 /INPUT 1 "rstB";
    .port_info 2 /INPUT 1 "pauseB";
    .port_info 3 /OUTPUT 1 "rst";
    .port_info 4 /OUTPUT 1 "pause";
o0x120008850 .functor BUFZ 1, C4<z>; HiZ drive
v0x150019890_0 .net "clkDis", 0 0, o0x120008850;  0 drivers
v0x150019920_0 .var "pause", 0 0;
o0x1200088b0 .functor BUFZ 1, C4<z>; HiZ drive
v0x1500199b0_0 .net "pauseB", 0 0, o0x1200088b0;  0 drivers
v0x150019a60_0 .var "rst", 0 0;
o0x120008910 .functor BUFZ 1, C4<z>; HiZ drive
v0x150019af0_0 .net "rstB", 0 0, o0x120008910;  0 drivers
v0x150019bc0_0 .var "stepPause", 2 0;
v0x150019c60_0 .var "stepRst", 2 0;
E_0x150019510 .event posedge, v0x150019890_0;
S_0x150007a70 .scope module, "debouncerCount" "debouncerCount" 6 1;
 .timescale -8 -9;
    .port_info 0 /INPUT 1 "clk";
    .port_info 1 /INPUT 1 "rstB";
    .port_info 2 /INPUT 1 "pauseB";
    .port_info 3 /INPUT 1 "selB";
    .port_info 4 /INPUT 1 "adjB";
    .port_info 5 /OUTPUT 1 "rst";
    .port_info 6 /OUTPUT 1 "pause";
    .port_info 7 /OUTPUT 1 "sel";
    .port_info 8 /OUTPUT 1 "adj";
v0x150019dd0_0 .var "adj", 0 0;
o0x120008ac0 .functor BUFZ 1, C4<z>; HiZ drive
v0x150019e80_0 .net "adjB", 0 0, o0x120008ac0;  0 drivers
v0x150019f20_0 .var/i "adjCount", 31 0;
o0x120008b20 .functor BUFZ 1, C4<z>; HiZ drive
v0x150019fb0_0 .net "clk", 0 0, o0x120008b20;  0 drivers
v0x15001a050_0 .var "pause", 0 0;
o0x120008b80 .functor BUFZ 1, C4<z>; HiZ drive
v0x15001a130_0 .net "pauseB", 0 0, o0x120008b80;  0 drivers
v0x15001a1d0_0 .var/i "pauseCount", 31 0;
v0x15001a280_0 .var "rst", 0 0;
o0x120008c10 .functor BUFZ 1, C4<z>; HiZ drive
v0x15001a320_0 .net "rstB", 0 0, o0x120008c10;  0 drivers
v0x15001a430_0 .var/i "rstCount", 31 0;
v0x15001a4d0_0 .var "sel", 0 0;
o0x120008ca0 .functor BUFZ 1, C4<z>; HiZ drive
v0x15001a570_0 .net "selB", 0 0, o0x120008ca0;  0 drivers
v0x15001a610_0 .var/i "selCount", 31 0;
v0x15001a6c0_0 .var "stepAdj", 4 0;
v0x15001a770_0 .var "stepPause", 4 0;
v0x15001a820_0 .var "stepRst", 4 0;
v0x15001a8d0_0 .var "stepSel", 4 0;
E_0x150019d90 .event posedge, v0x150019fb0_0;
    .scope S_0x150007400;
T_0 ;
    %wait E_0x150007d10;
    %load/vec4 v0x150007d50_0;
    %flag_set/vec4 8;
    %jmp/0xz  T_0.0, 8;
    %load/vec4 v0x150018040_0;
    %store/vec4 v0x150017f50_0, 0, 3;
    %load/vec4 v0x1500180f0_0;
    %store/vec4 v0x150017ea0_0, 0, 4;
    %load/vec4 v0x150018410_0;
    %pad/u 3;
    %store/vec4 v0x150018250_0, 0, 3;
    %load/vec4 v0x150018410_0;
    %store/vec4 v0x1500181a0_0, 0, 4;
    %load/vec4 v0x1500184c0_0;
    %flag_set/vec4 8;
    %jmp/0xz  T_0.2, 8;
    %load/vec4 v0x1500181a0_0;
    %addi 1, 0, 4;
    %assign/vec4 v0x1500181a0_0, 0;
    %load/vec4 v0x1500181a0_0;
    %pad/u 32;
    %cmpi/e 9, 0, 32;
    %jmp/0xz  T_0.4, 4;
    %load/vec4 v0x150018250_0;
    %addi 1, 0, 3;
    %assign/vec4 v0x150018250_0, 0;
    %pushi/vec4 0, 0, 4;
    %assign/vec4 v0x1500181a0_0, 0;
    %load/vec4 v0x150018250_0;
    %pad/u 32;
    %cmpi/e 5, 0, 32;
    %jmp/0xz  T_0.6, 4;
    %pushi/vec4 0, 0, 3;
    %assign/vec4 v0x150018250_0, 0;
T_0.6 ;
T_0.4 ;
    %jmp T_0.3;
T_0.2 ;
    %load/vec4 v0x150017ea0_0;
    %addi 1, 0, 4;
    %assign/vec4 v0x150017ea0_0, 0;
    %load/vec4 v0x150017ea0_0;
    %pad/u 32;
    %cmpi/e 9, 0, 32;
    %jmp/0xz  T_0.8, 4;
    %load/vec4 v0x150017f50_0;
    %addi 1, 0, 3;
    %assign/vec4 v0x150017f50_0, 0;
    %pushi/vec4 0, 0, 4;
    %assign/vec4 v0x150017ea0_0, 0;
    %load/vec4 v0x150017f50_0;
    %pad/u 32;
    %cmpi/e 5, 0, 32;
    %jmp/0xz  T_0.10, 4;
    %pushi/vec4 0, 0, 3;
    %assign/vec4 v0x150017f50_0, 0;
T_0.10 ;
T_0.8 ;
T_0.3 ;
T_0.0 ;
    %jmp T_0;
    .thread T_0;
    .scope S_0x150018680;
T_1 ;
    %pushi/vec4 1, 0, 1;
    %store/vec4 v0x150018af0_0, 0, 1;
    %pushi/vec4 0, 0, 1;
    %store/vec4 v0x150018d80_0, 0, 1;
    %end;
    .thread T_1;
    .scope S_0x150018680;
T_2 ;
    %pushi/vec4 0, 0, 3;
    %assign/vec4 v0x150018c10_0, 0;
    %pushi/vec4 0, 0, 4;
    %assign/vec4 v0x150018b80_0, 0;
    %pushi/vec4 0, 0, 3;
    %assign/vec4 v0x150018fd0_0, 0;
    %pushi/vec4 0, 0, 4;
    %assign/vec4 v0x150018ec0_0, 0;
    %end;
    .thread T_2;
    .scope S_0x150018680;
T_3 ;
    %wait E_0x150018970;
    %load/vec4 v0x150018d80_0;
    %flag_set/vec4 8;
    %jmp/0xz  T_3.0, 8;
    %load/vec4 v0x150018ce0_0;
    %flag_set/vec4 8;
    %jmp/0xz  T_3.2, 8;
    %load/vec4 v0x150018d80_0;
    %inv;
    %assign/vec4 v0x150018d80_0, 0;
T_3.2 ;
    %jmp T_3.1;
T_3.0 ;
    %load/vec4 v0x150018ce0_0;
    %flag_set/vec4 8;
    %jmp/0xz  T_3.4, 8;
    %load/vec4 v0x150018d80_0;
    %inv;
    %assign/vec4 v0x150018d80_0, 0;
    %jmp T_3.5;
T_3.4 ;
    %load/vec4 v0x150018e20_0;
    %flag_set/vec4 8;
    %jmp/0xz  T_3.6, 8;
    %pushi/vec4 0, 0, 3;
    %assign/vec4 v0x150018c10_0, 0;
    %pushi/vec4 0, 0, 4;
    %assign/vec4 v0x150018b80_0, 0;
    %pushi/vec4 0, 0, 3;
    %assign/vec4 v0x150018fd0_0, 0;
    %pushi/vec4 0, 0, 4;
    %assign/vec4 v0x150018ec0_0, 0;
    %jmp T_3.7;
T_3.6 ;
    %load/vec4 v0x1500189b0_0;
    %flag_set/vec4 8;
    %jmp/0xz  T_3.8, 8;
    %load/vec4 v0x150019080_0;
    %flag_set/vec4 8;
    %jmp/0xz  T_3.10, 8;
    %load/vec4 v0x150018ec0_0;
    %addi 1, 0, 4;
    %assign/vec4 v0x150018ec0_0, 0;
    %load/vec4 v0x150018ec0_0;
    %pad/u 32;
    %cmpi/e 9, 0, 32;
    %jmp/0xz  T_3.12, 4;
    %load/vec4 v0x150018fd0_0;
    %addi 1, 0, 3;
    %assign/vec4 v0x150018fd0_0, 0;
    %pushi/vec4 0, 0, 4;
    %assign/vec4 v0x150018ec0_0, 0;
    %load/vec4 v0x150018fd0_0;
    %pad/u 32;
    %cmpi/e 5, 0, 32;
    %jmp/0xz  T_3.14, 4;
    %pushi/vec4 0, 0, 3;
    %assign/vec4 v0x150018fd0_0, 0;
T_3.14 ;
T_3.12 ;
    %jmp T_3.11;
T_3.10 ;
    %load/vec4 v0x150018b80_0;
    %addi 1, 0, 4;
    %assign/vec4 v0x150018b80_0, 0;
    %load/vec4 v0x150018b80_0;
    %pad/u 32;
    %cmpi/e 9, 0, 32;
    %jmp/0xz  T_3.16, 4;
    %load/vec4 v0x150018c10_0;
    %addi 1, 0, 3;
    %assign/vec4 v0x150018c10_0, 0;
    %pushi/vec4 0, 0, 4;
    %assign/vec4 v0x150018b80_0, 0;
    %load/vec4 v0x150018c10_0;
    %pad/u 32;
    %cmpi/e 5, 0, 32;
    %jmp/0xz  T_3.18, 4;
    %pushi/vec4 0, 0, 3;
    %assign/vec4 v0x150018c10_0, 0;
T_3.18 ;
T_3.16 ;
T_3.11 ;
    %jmp T_3.9;
T_3.8 ;
    %load/vec4 v0x150018af0_0;
    %flag_set/vec4 8;
    %jmp/0xz  T_3.20, 8;
    %load/vec4 v0x150018ec0_0;
    %addi 1, 0, 4;
    %assign/vec4 v0x150018ec0_0, 0;
    %load/vec4 v0x150018ec0_0;
    %pad/u 32;
    %cmpi/e 9, 0, 32;
    %jmp/0xz  T_3.22, 4;
    %load/vec4 v0x150018fd0_0;
    %addi 1, 0, 3;
    %assign/vec4 v0x150018fd0_0, 0;
    %pushi/vec4 0, 0, 4;
    %assign/vec4 v0x150018ec0_0, 0;
    %load/vec4 v0x150018fd0_0;
    %pad/u 32;
    %cmpi/e 5, 0, 32;
    %jmp/0xz  T_3.24, 4;
    %load/vec4 v0x150018b80_0;
    %addi 1, 0, 4;
    %assign/vec4 v0x150018b80_0, 0;
    %pushi/vec4 0, 0, 3;
    %assign/vec4 v0x150018fd0_0, 0;
    %load/vec4 v0x150018b80_0;
    %pad/u 32;
    %cmpi/e 9, 0, 32;
    %jmp/0xz  T_3.26, 4;
    %load/vec4 v0x150018c10_0;
    %addi 1, 0, 3;
    %assign/vec4 v0x150018c10_0, 0;
    %pushi/vec4 0, 0, 4;
    %assign/vec4 v0x150018b80_0, 0;
    %load/vec4 v0x150018c10_0;
    %pad/u 32;
    %cmpi/e 5, 0, 32;
    %jmp/0xz  T_3.28, 4;
    %pushi/vec4 0, 0, 3;
    %assign/vec4 v0x150018c10_0, 0;
T_3.28 ;
T_3.26 ;
T_3.24 ;
T_3.22 ;
T_3.20 ;
T_3.9 ;
T_3.7 ;
T_3.5 ;
    %load/vec4 v0x150018af0_0;
    %inv;
    %assign/vec4 v0x150018af0_0, 0;
T_3.1 ;
    %jmp T_3;
    .thread T_3;
    .scope S_0x1500076f0;
T_4 ;
    %vpi_call 3 30 "$monitor", "Clock:%d Time: %d%d:%d%d", v0x150019290_0, v0x1500193d0_0, v0x150019320_0, v0x1500196b0_0, v0x150019600_0 {0 0 0};
    %pushi/vec4 0, 0, 1;
    %store/vec4 v0x150019290_0, 0, 1;
    %delay 100, 0;
    %pushi/vec4 1, 0, 1;
    %store/vec4 v0x150019480_0, 0, 1;
    %delay 10, 0;
    %pushi/vec4 0, 0, 1;
    %store/vec4 v0x150019480_0, 0, 1;
    %delay 1000, 0;
    %pushi/vec4 1, 0, 1;
    %store/vec4 v0x150019480_0, 0, 1;
    %delay 10, 0;
    %pushi/vec4 0, 0, 1;
    %store/vec4 v0x150019480_0, 0, 1;
    %delay 2000, 0;
    %vpi_call 3 68 "$finish" {0 0 0};
    %end;
    .thread T_4;
    .scope S_0x1500076f0;
T_5 ;
    %delay 10, 0;
    %load/vec4 v0x150019290_0;
    %inv;
    %store/vec4 v0x150019290_0, 0, 1;
    %jmp T_5;
    .thread T_5;
    .scope S_0x150007860;
T_6 ;
    %wait E_0x150019510;
    %load/vec4 v0x150019a60_0;
    %flag_set/vec4 8;
    %jmp/0xz  T_6.0, 8;
    %pushi/vec4 0, 0, 3;
    %assign/vec4 v0x150019c60_0, 0;
    %pushi/vec4 0, 0, 3;
    %assign/vec4 v0x150019bc0_0, 0;
    %jmp T_6.1;
T_6.0 ;
    %load/vec4 v0x150019af0_0;
    %load/vec4 v0x150019c60_0;
    %parti/s 2, 1, 2;
    %concat/vec4; draw_concat_vec4
    %assign/vec4 v0x150019c60_0, 0;
    %load/vec4 v0x1500199b0_0;
    %load/vec4 v0x150019bc0_0;
    %parti/s 2, 1, 2;
    %concat/vec4; draw_concat_vec4
    %assign/vec4 v0x150019bc0_0, 0;
T_6.1 ;
    %jmp T_6;
    .thread T_6;
    .scope S_0x150007860;
T_7 ;
    %wait E_0x150019510;
    %load/vec4 v0x150019a60_0;
    %flag_set/vec4 8;
    %jmp/0xz  T_7.0, 8;
    %pushi/vec4 0, 0, 1;
    %assign/vec4 v0x150019a60_0, 0;
    %pushi/vec4 0, 0, 1;
    %assign/vec4 v0x150019920_0, 0;
    %jmp T_7.1;
T_7.0 ;
    %load/vec4 v0x150019c60_0;
    %parti/s 1, 0, 2;
    %inv;
    %load/vec4 v0x150019c60_0;
    %parti/s 1, 1, 2;
    %and;
    %assign/vec4 v0x150019a60_0, 0;
    %load/vec4 v0x150019bc0_0;
    %parti/s 1, 0, 2;
    %inv;
    %load/vec4 v0x150019bc0_0;
    %parti/s 1, 1, 2;
    %and;
    %assign/vec4 v0x150019920_0, 0;
T_7.1 ;
    %jmp T_7;
    .thread T_7;
    .scope S_0x150007a70;
T_8 ;
    %pushi/vec4 0, 0, 5;
    %assign/vec4 v0x15001a820_0, 0;
    %pushi/vec4 0, 0, 5;
    %assign/vec4 v0x15001a770_0, 0;
    %pushi/vec4 0, 0, 5;
    %assign/vec4 v0x15001a8d0_0, 0;
    %pushi/vec4 0, 0, 5;
    %assign/vec4 v0x15001a6c0_0, 0;
    %pushi/vec4 0, 0, 32;
    %assign/vec4 v0x15001a430_0, 0;
    %pushi/vec4 0, 0, 32;
    %assign/vec4 v0x15001a1d0_0, 0;
    %pushi/vec4 0, 0, 32;
    %assign/vec4 v0x15001a610_0, 0;
    %pushi/vec4 0, 0, 32;
    %assign/vec4 v0x150019f20_0, 0;
    %end;
    .thread T_8;
    .scope S_0x150007a70;
T_9 ;
    %wait E_0x150019d90;
    %load/vec4 v0x15001a320_0;
    %flag_set/vec4 8;
    %jmp/0xz  T_9.0, 8;
    %load/vec4 v0x15001a820_0;
    %parti/s 1, 4, 4;
    %pad/u 32;
    %cmpi/e 0, 0, 32;
    %jmp/0xz  T_9.2, 4;
    %load/vec4 v0x15001a430_0;
    %addi 1, 0, 32;
    %assign/vec4 v0x15001a430_0, 0;
T_9.2 ;
    %jmp T_9.1;
T_9.0 ;
    %load/vec4 v0x15001a820_0;
    %parti/s 1, 4, 4;
    %pad/u 32;
    %cmpi/e 1, 0, 32;
    %jmp/0xz  T_9.4, 4;
    %load/vec4 v0x15001a430_0;
    %subi 1, 0, 32;
    %assign/vec4 v0x15001a430_0, 0;
T_9.4 ;
T_9.1 ;
    %load/vec4 v0x15001a430_0;
    %cmpi/s 3, 0, 32;
    %flag_inv 5; GE is !LT
    %jmp/0xz  T_9.6, 5;
    %pushi/vec4 1, 0, 1;
    %assign/vec4 v0x15001a280_0, 0;
    %jmp T_9.7;
T_9.6 ;
    %pushi/vec4 0, 0, 1;
    %assign/vec4 v0x15001a280_0, 0;
T_9.7 ;
    %load/vec4 v0x15001a130_0;
    %flag_set/vec4 8;
    %jmp/0xz  T_9.8, 8;
    %load/vec4 v0x15001a770_0;
    %parti/s 1, 4, 4;
    %pad/u 32;
    %cmpi/e 0, 0, 32;
    %jmp/0xz  T_9.10, 4;
    %load/vec4 v0x15001a1d0_0;
    %addi 1, 0, 32;
    %assign/vec4 v0x15001a1d0_0, 0;
T_9.10 ;
    %jmp T_9.9;
T_9.8 ;
    %load/vec4 v0x15001a770_0;
    %parti/s 1, 4, 4;
    %pad/u 32;
    %cmpi/e 1, 0, 32;
    %jmp/0xz  T_9.12, 4;
    %load/vec4 v0x15001a1d0_0;
    %subi 1, 0, 32;
    %assign/vec4 v0x15001a1d0_0, 0;
T_9.12 ;
T_9.9 ;
    %load/vec4 v0x15001a1d0_0;
    %cmpi/s 3, 0, 32;
    %flag_inv 5; GE is !LT
    %jmp/0xz  T_9.14, 5;
    %pushi/vec4 1, 0, 1;
    %assign/vec4 v0x15001a050_0, 0;
    %jmp T_9.15;
T_9.14 ;
    %pushi/vec4 0, 0, 1;
    %assign/vec4 v0x15001a050_0, 0;
T_9.15 ;
    %load/vec4 v0x15001a570_0;
    %flag_set/vec4 8;
    %jmp/0xz  T_9.16, 8;
    %load/vec4 v0x15001a8d0_0;
    %parti/s 1, 4, 4;
    %pad/u 32;
    %cmpi/e 0, 0, 32;
    %jmp/0xz  T_9.18, 4;
    %load/vec4 v0x15001a610_0;
    %addi 1, 0, 32;
    %assign/vec4 v0x15001a610_0, 0;
T_9.18 ;
    %jmp T_9.17;
T_9.16 ;
    %load/vec4 v0x15001a8d0_0;
    %parti/s 1, 4, 4;
    %pad/u 32;
    %cmpi/e 1, 0, 32;
    %jmp/0xz  T_9.20, 4;
    %load/vec4 v0x15001a610_0;
    %subi 1, 0, 32;
    %assign/vec4 v0x15001a610_0, 0;
T_9.20 ;
T_9.17 ;
    %load/vec4 v0x15001a610_0;
    %cmpi/s 3, 0, 32;
    %flag_inv 5; GE is !LT
    %jmp/0xz  T_9.22, 5;
    %pushi/vec4 1, 0, 1;
    %assign/vec4 v0x15001a4d0_0, 0;
    %jmp T_9.23;
T_9.22 ;
    %pushi/vec4 0, 0, 1;
    %assign/vec4 v0x15001a4d0_0, 0;
T_9.23 ;
    %load/vec4 v0x150019e80_0;
    %flag_set/vec4 8;
    %jmp/0xz  T_9.24, 8;
    %load/vec4 v0x15001a6c0_0;
    %parti/s 1, 4, 4;
    %pad/u 32;
    %cmpi/e 0, 0, 32;
    %jmp/0xz  T_9.26, 4;
    %load/vec4 v0x150019f20_0;
    %addi 1, 0, 32;
    %assign/vec4 v0x150019f20_0, 0;
T_9.26 ;
    %jmp T_9.25;
T_9.24 ;
    %load/vec4 v0x15001a6c0_0;
    %parti/s 1, 4, 4;
    %pad/u 32;
    %cmpi/e 1, 0, 32;
    %jmp/0xz  T_9.28, 4;
    %load/vec4 v0x150019f20_0;
    %subi 1, 0, 32;
    %assign/vec4 v0x150019f20_0, 0;
T_9.28 ;
T_9.25 ;
    %load/vec4 v0x150019f20_0;
    %cmpi/s 3, 0, 32;
    %flag_inv 5; GE is !LT
    %jmp/0xz  T_9.30, 5;
    %pushi/vec4 1, 0, 1;
    %assign/vec4 v0x150019dd0_0, 0;
    %jmp T_9.31;
T_9.30 ;
    %pushi/vec4 0, 0, 1;
    %assign/vec4 v0x150019dd0_0, 0;
T_9.31 ;
    %load/vec4 v0x15001a820_0;
    %parti/s 4, 0, 2;
    %load/vec4 v0x15001a320_0;
    %concat/vec4; draw_concat_vec4
    %assign/vec4 v0x15001a820_0, 0;
    %load/vec4 v0x15001a770_0;
    %parti/s 4, 0, 2;
    %load/vec4 v0x15001a130_0;
    %concat/vec4; draw_concat_vec4
    %assign/vec4 v0x15001a770_0, 0;
    %load/vec4 v0x15001a8d0_0;
    %parti/s 4, 0, 2;
    %load/vec4 v0x15001a570_0;
    %concat/vec4; draw_concat_vec4
    %assign/vec4 v0x15001a8d0_0, 0;
    %load/vec4 v0x15001a6c0_0;
    %parti/s 4, 0, 2;
    %load/vec4 v0x150019e80_0;
    %concat/vec4; draw_concat_vec4
    %assign/vec4 v0x15001a6c0_0, 0;
    %jmp T_9;
    .thread T_9;
# The file index is used to find the file name in the following table.
:file_names 7;
    "N/A";
    "<interactive>";
    "countAdjust.v";
    "tb.v";
    "counter.v";
    "debouncer.v";
    "debouncerCount.v";
