Copyright 1986-2018 Xilinx, Inc. All Rights Reserved.
------------------------------------------------------------------------------------
| Tool Version : Vivado v.2018.2 (win64) Build 2258646 Thu Jun 14 20:03:12 MDT 2018
| Date         : Tue Feb 25 18:50:22 2025
| Host         : CS152A-01 running 64-bit major release  (build 9200)
| Command      : report_control_sets -verbose -file main_control_sets_placed.rpt
| Design       : main
| Device       : xc7a35t
------------------------------------------------------------------------------------

Control Set Information

Table of Contents
-----------------
1. Summary
2. Histogram
3. Flip-Flop Distribution
4. Detailed Control Set Information

1. Summary
----------

+----------------------------------------------------------+-------+
|                          Status                          | Count |
+----------------------------------------------------------+-------+
| Number of unique control sets                            |    12 |
| Unused register locations in slices containing registers |    32 |
+----------------------------------------------------------+-------+


2. Histogram
------------

+--------+--------------+
| Fanout | Control Sets |
+--------+--------------+
|      2 |            3 |
|      8 |            2 |
|     12 |            2 |
|    16+ |            5 |
+--------+--------------+


3. Flip-Flop Distribution
-------------------------

+--------------+-----------------------+------------------------+-----------------+--------------+
| Clock Enable | Synchronous Set/Reset | Asynchronous Set/Reset | Total Registers | Total Slices |
+--------------+-----------------------+------------------------+-----------------+--------------+
| No           | No                    | No                     |              64 |           17 |
| No           | No                    | Yes                    |               0 |            0 |
| No           | Yes                   | No                     |             214 |           30 |
| Yes          | No                    | No                     |               2 |            1 |
| Yes          | No                    | Yes                    |               0 |            0 |
| Yes          | Yes                   | No                     |              16 |            2 |
+--------------+-----------------------+------------------------+-----------------+--------------+


4. Detailed Control Set Information
-----------------------------------

+----------------+--------------------------+----------------------------+------------------+----------------+
|  Clock Signal  |       Enable Signal      |      Set/Reset Signal      | Slice Load Count | Bel Load Count |
+----------------+--------------------------+----------------------------+------------------+----------------+
|  clkDis_BUFG   | my_counter/p_0_in1_in    |                            |                1 |              2 |
|  my_cd/clkAdj  |                          |                            |                1 |              2 |
|  my_cd/clkLED  |                          |                            |                1 |              2 |
|  my_cd/clkAdj  | my_counter/m1[3]_i_1_n_0 | my_counter/s1[3]_i_1_n_0   |                1 |              8 |
|  my_cd/clkAdj  | my_counter/s1[3]_i_2_n_0 | my_counter/s1[3]_i_1_n_0   |                1 |              8 |
|  clk_IBUF_BUFG |                          |                            |                3 |             12 |
|  my_cd/clkAdj  |                          | my_counter/s1[3]_i_1_n_0   |                4 |             12 |
|  clkDis_BUFG   |                          | my_counter/rst_reg_n_0     |                2 |             16 |
|  clkDis_BUFG   |                          |                            |               12 |             48 |
|  clk_IBUF_BUFG |                          | my_cd/countAdj[31]_i_1_n_0 |                8 |             62 |
|  clk_IBUF_BUFG |                          | my_cd/countDis[31]_i_1_n_0 |                8 |             62 |
|  clk_IBUF_BUFG |                          | my_cd/countLED[31]_i_1_n_0 |                8 |             62 |
+----------------+--------------------------+----------------------------+------------------+----------------+


